Created with astools
CRYSTAL
0 0 0
1
5.15368 5.17414 5.31641 90.00000 99.41939 90.00000
12
 72     0.239521627    -0.040786671     0.205333465
 72    -0.322949662     0.459213329     0.288082515
 72    -0.239521627     0.040786671    -0.205333465
 72     0.322949662    -0.459213329    -0.288082515
  8     0.007522412    -0.324878338     0.347744263
  8    -0.090950447     0.175121662     0.145671717
  8    -0.007522412     0.324878338    -0.347744263
  8     0.090950447    -0.175121662    -0.145671717
  8     0.373356135     0.243481348     0.469564122
  8    -0.456784171    -0.256518652     0.023851859
  8    -0.373356135    -0.243481348    -0.469564122
  8     0.456784171     0.256518652    -0.023851859
ENDGEOM
STOP
