Created with astools
CRYSTAL
0 0 0
1
10.8486 10.8486 18.8607 90.00000 90.00000 90.00000
132
 14     0.001399839     0.989343515     0.049261295
 14     0.103368100     0.421539795     0.090377925
 14     0.011955727     0.290438183     0.175146830
 14     0.356514862     0.080045845     0.117975007
 14     0.177126871     0.179835975     0.216107156
 14     0.416973310     0.398217909     0.235274005
 14     0.126595043     0.951209590     0.143076953
 14     0.448690743     0.603099493     0.065397397
 14     0.065544814     0.786200403     0.223959997
 14     0.320749905     0.526002044     0.156956615
 14     0.269015158     0.654928262     0.288159664
 14     0.421166475     0.940360272     0.243056329
 14     0.777169751     0.229506863     0.026836240
 14     0.623686466     0.334547989     0.064175808
 14     0.886002146     0.154261265     0.103894398
 14     0.528792264     0.263248519     0.168296603
 14     0.781977741     0.019501672     0.186891893
 14     0.620774571     0.118581112     0.248915076
 14     0.923980291     0.412754336     0.271090829
 14     0.879233536     0.845130543     0.035172998
 14     0.721374574     0.873355363     0.103794190
 14     0.979710943     0.688253274     0.089508922
 14     0.569934869     0.760102123     0.167523036
 14     0.866344325     0.608066029     0.220883227
 14     0.678805058     0.686284358     0.265222539
 14     0.917704831     0.936083226     0.269433944
 14     0.992256331     0.108374272     0.318882295
 14     0.304324757     0.270949968     0.302415771
 14     0.222204544     0.441992188     0.377925205
 14     0.470570970     0.184355449     0.488305580
 14     0.019269292     0.443340748     0.384705975
 14     0.298858618     0.873532344     0.374552581
 14     0.195166052     0.829027095     0.476610886
 14     0.459362158     0.732818439     0.411852914
 14     0.459764975     0.087200496     0.369941934
 14     0.738829348     0.280876587     0.350294190
 14     0.624584277     0.396649965     0.411259617
 14     0.874034712     0.150804601     0.407417233
 14     0.520513782     0.590780862     0.324190160
 14     0.780200554     0.837748951     0.340171018
 14     0.583194635     0.883976080     0.439986562
 14     0.866749907     0.853583241     0.444281209
 14     0.305323042     0.416286586     0.471435571
  8     0.464091797     0.364939906     0.468188606
  8     0.892617742     0.997842301     0.457831615
  8     0.924275259     0.488533643     0.463810187
  8     0.105240230     0.695988829     0.454842328
 14     0.002309163     0.528323079     0.014569669
 14     0.592393050     0.499405084     0.008398155
  8     0.904745565     0.221184137     0.489914747
  8     0.834989150     0.733375192     0.488862823
 14     0.366183384     0.109072979     0.001710134
  8     0.717785174     0.580938124     0.006736604
  8     0.440819687     0.667092956     0.503395696
  8     0.677203009     0.413865077     0.503858033
 14     0.967571136     0.622904799     0.506869058
  8     0.325697084     0.106122370     0.519450782
 14     0.849859261     0.396786388     0.509993016
  8     0.424151189     0.232970902     0.968373921
  8     0.259743000     0.852045716     0.554258629
 14     0.342481726     0.305138686     0.905910670
 14     0.086920552     0.398331287     0.896944932
 14     0.564418033     0.042430236     0.833787114
 14     0.233738743     0.017575895     0.596924089
 14     0.557560932     0.515311272     0.537949576
 14    -0.000127179     0.287235007     0.771223124
 14     0.661712542     0.022466661     0.590688898
 14     0.341828186     0.386615498     0.632124287
 14     0.289552355     0.468910849     0.768545597
 14     0.456575626     0.135996249     0.691045780
  8     0.970677526     0.229025696     0.688219797
  8     0.466303141     0.256841246     0.647351726
  8     0.860953772     0.331326378     0.808056348
  8     0.260389166     0.416730883     0.551862110
  8     0.078088820     0.024360176     0.573388365
  8     0.565943574     0.025639603     0.658676868
  8     0.059726464     0.148022677     0.824169226
  8     0.263100113     0.344456173     0.700032726
  8     0.277801538     0.583659211     0.846379443
  8     0.367637027     0.521241065     0.697265065
  8     0.104479763     0.392062280     0.811311796
 14     0.090283103     0.810979618     0.770003656
 14     0.368048139     0.752645867     0.575450855
 14     0.338059039     0.942047125     0.760560736
 14     0.512661162     0.614982123     0.682710984
  8     0.035292823     0.681847844     0.731563917
  8     0.996837564     0.928985541     0.755258702
  8     0.502576919     0.447882345     0.608466615
  8     0.099245912     0.773360967     0.859205060
  8     0.435600585     0.740076513     0.650416301
  8     0.284948077     0.028517023     0.843325471
  8     0.331225904     0.047697917     0.689301411
  8     0.232792077     0.835179958     0.743769197
 14     0.541669492     0.310505273     0.810346826
 14     0.928865710     0.080340261     0.550059419
 14     0.609646877     0.308379655     0.605820901
 14     0.785967193     0.456883499     0.777532543
 14     0.821341316     0.175444628     0.671804702
 14     0.787682620     0.939908601     0.911207401
  8     0.516776898     0.158526328     0.784054044
  8     0.402549340     0.360560543     0.838553642
  8     0.600248436     0.163900290     0.537949576
  8     0.812012009     0.078230405     0.603779618
  8     0.641679557     0.294647017     0.888960070
  8     0.738033854     0.290915663     0.645135476
  8     0.813761542     0.561073825     0.855944310
  8     0.848979885     0.523056044     0.702598910
  8     0.626878580     0.396793763     0.761637048
 14     0.601627414     0.775147372     0.791667763
 14     0.717552886     0.754010098     0.578414692
 14     0.853321456     0.967976718     0.773041721
 14     0.940977863     0.641496124     0.673639206
  8     0.576838981     0.647559575     0.755126152
  8     0.499203214     0.909147973     0.805405331
  8     0.649036262     0.888726920     0.544720272
  8     0.627703571     0.624328944     0.593536090
  8     0.006192841     0.596803754     0.587592511
  8     0.611883108     0.713356956     0.883445956
  8     0.839372201     0.771788415     0.630528375
  8     0.843666761     0.033887297     0.859348215
  8     0.782485640     0.096929486     0.735916886
  8     0.732013727     0.843003082     0.762644434
 14     0.140039164     0.062794784     0.869241809
  8     0.102629756     0.011848801     0.977705499
 14     0.154587574     0.649409581     0.876330627
  8     0.068195846     0.532499652     0.931641436
  8     0.194058076     0.329821115     0.937457766
 14     0.783643392     0.233707402     0.878244661
  8     0.857976431     0.271738088     0.955776291
  8     0.662554125     0.045386744     0.907686851
 14     0.745271649     0.655395603     0.912697272
  8     0.816597851     0.816413495     0.953019233
ENDGEOM
STOP
